# JRE version: OpenJDK Runtime Environment (17.0.1+12) (build 17.0.1+12-39)
# Java VM: OpenJDK 64-Bit Server VM (17.0.1+12-39, mixed mode, sharing, tiered, compressed oops, compressed class ptrs, g1 gc, windows-amd64)
GC Precious Log:
 CPUs: 12 total, 12 available
 Memory: 16332M
 Large Page Support: Disabled
 NUMA Support: Disabled
 Compressed Oops: Enabled (Zero based)
 Heap Region Size: 2M
 Heap Min Capacity: 8M
 Heap Initial Capacity: 256M
 Heap Max Capacity: 4084M
 Pre-touch: Disabled
 Parallel Workers: 10
 Concurrent Workers: 3
 Concurrent Refinement Workers: 10
 Periodic GC: Disabled
Heap:
 garbage-first heap   total 233472K, used 166522K [0x0000000700c00000, 0x0000000800000000)
  region size 2048K, 21 young (43008K), 3 survivors (6144K)
 Metaspace       used 99655K, committed 100672K, reserved 1138688K
  class space    used 13079K, committed 13568K, reserved 1048576K
GC Heap History (20 events):
Event: 13.338 GC heap before
{Heap before GC invocations=25 (full 0):
 garbage-first heap   total 178176K, used 141055K [0x0000000700c00000, 0x0000000800000000)
  region size 2048K, 26 young (53248K), 4 survivors (8192K)
 Metaspace       used 74242K, committed 74944K, reserved 1114112K
  class space    used 9816K, committed 10176K, reserved 1048576K
}
Event: 13.345 GC heap after
{Heap after GC invocations=26 (full 0):
 garbage-first heap   total 178176K, used 101700K [0x0000000700c00000, 0x0000000800000000)
  region size 2048K, 2 young (4096K), 2 survivors (4096K)
 Metaspace       used 74242K, committed 74944K, reserved 1114112K
  class space    used 9816K, committed 10176K, reserved 1048576K
}
Event: 14.203 GC heap before
{Heap before GC invocations=26 (full 0):
 garbage-first heap   total 178176K, used 144708K [0x0000000700c00000, 0x0000000800000000)
  region size 2048K, 23 young (47104K), 2 survivors (4096K)
 Metaspace       used 79743K, committed 80448K, reserved 1122304K
  class space    used 10571K, committed 10880K, reserved 1048576K
}
Event: 14.209 GC heap after
{Heap after GC invocations=27 (full 0):
 garbage-first heap   total 178176K, used 103815K [0x0000000700c00000, 0x0000000800000000)
  region size 2048K, 3 young (6144K), 3 survivors (6144K)
 Metaspace       used 79743K, committed 80448K, reserved 1122304K
  class space    used 10571K, committed 10880K, reserved 1048576K
}
Event: 15.034 GC heap before
{Heap before GC invocations=28 (full 0):
 garbage-first heap   total 178176K, used 144775K [0x0000000700c00000, 0x0000000800000000)
  region size 2048K, 24 young (49152K), 3 survivors (6144K)
 Metaspace       used 82569K, committed 83328K, reserved 1122304K
  class space    used 11088K, committed 11456K, reserved 1048576K
}
Event: 15.042 GC heap after
{Heap after GC invocations=29 (full 0):
 garbage-first heap   total 178176K, used 107148K [0x0000000700c00000, 0x0000000800000000)
  region size 2048K, 3 young (6144K), 3 survivors (6144K)
 Metaspace       used 82569K, committed 83328K, reserved 1122304K
  class space    used 11088K, committed 11456K, reserved 1048576K
}
Event: 15.438 GC heap before
{Heap before GC invocations=29 (full 0):
 garbage-first heap   total 178176K, used 146060K [0x0000000700c00000, 0x0000000800000000)
  region size 2048K, 23 young (47104K), 3 survivors (6144K)
 Metaspace       used 82832K, committed 83584K, reserved 1122304K
  class space    used 11088K, committed 11456K, reserved 1048576K
}
Event: 15.444 GC heap after
{Heap after GC invocations=30 (full 0):
 garbage-first heap   total 178176K, used 109857K [0x0000000700c00000, 0x0000000800000000)
  region size 2048K, 3 young (6144K), 3 survivors (6144K)
 Metaspace       used 82832K, committed 83584K, reserved 1122304K
  class space    used 11088K, committed 11456K, reserved 1048576K
}
Event: 15.853 GC heap before
{Heap before GC invocations=31 (full 0):
 garbage-first heap   total 188416K, used 144673K [0x0000000700c00000, 0x0000000800000000)
  region size 2048K, 21 young (43008K), 3 survivors (6144K)
 Metaspace       used 83135K, committed 83968K, reserved 1122304K
  class space    used 11104K, committed 11520K, reserved 1048576K
}
Event: 15.860 GC heap after
{Heap after GC invocations=32 (full 0):
 garbage-first heap   total 188416K, used 111492K [0x0000000700c00000, 0x0000000800000000)
  region size 2048K, 3 young (6144K), 3 survivors (6144K)
 Metaspace       used 83135K, committed 83968K, reserved 1122304K
  class space    used 11104K, committed 11520K, reserved 1048576K
}
Event: 17.331 GC heap before
{Heap before GC invocations=32 (full 0):
 garbage-first heap   total 188416K, used 154500K [0x0000000700c00000, 0x0000000800000000)
  region size 2048K, 24 young (49152K), 3 survivors (6144K)
 Metaspace       used 85434K, committed 86208K, reserved 1130496K
  class space    used 11393K, committed 11776K, reserved 1048576K
}
Event: 17.335 GC heap after
{Heap after GC invocations=33 (full 0):
 garbage-first heap   total 227328K, used 114072K [0x0000000700c00000, 0x0000000800000000)
  region size 2048K, 3 young (6144K), 3 survivors (6144K)
 Metaspace       used 85434K, committed 86208K, reserved 1130496K
  class space    used 11393K, committed 11776K, reserved 1048576K
}
Event: 18.470 GC heap before
{Heap before GC invocations=34 (full 0):
 garbage-first heap   total 227328K, used 183704K [0x0000000700c00000, 0x0000000800000000)
  region size 2048K, 38 young (77824K), 3 survivors (6144K)
 Metaspace       used 92084K, committed 92864K, reserved 1130496K
  class space    used 12287K, committed 12672K, reserved 1048576K
}
Event: 18.480 GC heap after
{Heap after GC invocations=35 (full 0):
 garbage-first heap   total 227328K, used 118825K [0x0000000700c00000, 0x0000000800000000)
  region size 2048K, 5 young (10240K), 5 survivors (10240K)
 Metaspace       used 92084K, committed 92864K, reserved 1130496K
  class space    used 12287K, committed 12672K, reserved 1048576K
}
Event: 42.071 GC heap before
{Heap before GC invocations=35 (full 0):
 garbage-first heap   total 227328K, used 184361K [0x0000000700c00000, 0x0000000800000000)
  region size 2048K, 38 young (77824K), 5 survivors (10240K)
 Metaspace       used 97819K, committed 98688K, reserved 1138688K
  class space    used 12894K, committed 13312K, reserved 1048576K
}
Event: 42.079 GC heap after
{Heap after GC invocations=36 (full 0):
 garbage-first heap   total 227328K, used 123518K [0x0000000700c00000, 0x0000000800000000)
  region size 2048K, 5 young (10240K), 5 survivors (10240K)
 Metaspace       used 97819K, committed 98688K, reserved 1138688K
  class space    used 12894K, committed 13312K, reserved 1048576K
}
Event: 42.663 GC heap before
{Heap before GC invocations=37 (full 0):
 garbage-first heap   total 227328K, used 187006K [0x0000000700c00000, 0x0000000800000000)
  region size 2048K, 36 young (73728K), 5 survivors (10240K)
 Metaspace       used 98327K, committed 99200K, reserved 1138688K
  class space    used 12911K, committed 13312K, reserved 1048576K
}
Event: 42.678 GC heap after
{Heap after GC invocations=38 (full 0):
 garbage-first heap   total 227328K, used 129379K [0x0000000700c00000, 0x0000000800000000)
  region size 2048K, 5 young (10240K), 5 survivors (10240K)
 Metaspace       used 98327K, committed 99200K, reserved 1138688K
  class space    used 12911K, committed 13312K, reserved 1048576K
}
Event: 70.991 GC heap before
{Heap before GC invocations=38 (full 0):
 garbage-first heap   total 227328K, used 186723K [0x0000000700c00000, 0x0000000800000000)
  region size 2048K, 33 young (67584K), 5 survivors (10240K)
 Metaspace       used 98988K, committed 100032K, reserved 1138688K
  class space    used 12989K, committed 13504K, reserved 1048576K
}
Event: 71.000 GC heap after
{Heap after GC invocations=39 (full 0):
 garbage-first heap   total 227328K, used 133754K [0x0000000700c00000, 0x0000000800000000)
  region size 2048K, 3 young (6144K), 3 survivors (6144K)
 Metaspace       used 98988K, committed 100032K, reserved 1138688K
  class space    used 12989K, committed 13504K, reserved 1048576K
}

